<?xml version="1.0" encoding="UTF-8"?>
<!-- Generated by org.testng.reporters.JUnitReportReporter -->
<testsuite skipped="0" hostname="Sakibs-MacBook-Pro.local" name="Day10_04062019.Class_ActionItem" tests="1" failures="0" timestamp="07 Apr 2019 15:06:18 GMT" time="26.568" errors="0">
  <testcase name="testScenario" time="26.568" classname="Day10_04062019.Class_ActionItem"/>
</testsuite> <!-- Day10_04062019.Class_ActionItem -->
